<?xml version="1.0" encoding="UTF-8"?>

<mule xmlns:scripting="http://www.mulesoft.org/schema/mule/scripting"
	xmlns:os="http://www.mulesoft.org/schema/mule/os" xmlns:ee="http://www.mulesoft.org/schema/mule/ee/core"
	xmlns:http="http://www.mulesoft.org/schema/mule/http"
	xmlns:xsi="http://www.w3.org/2001/XMLSchema-instance"
	xmlns:munit="http://www.mulesoft.org/schema/mule/munit" xmlns:munit-tools="http://www.mulesoft.org/schema/mule/munit-tools"
	xmlns="http://www.mulesoft.org/schema/mule/core" xmlns:doc="http://www.mulesoft.org/schema/mule/documentation" xsi:schemaLocation="
http://www.mulesoft.org/schema/mule/http http://www.mulesoft.org/schema/mule/http/current/mule-http.xsd 
		http://www.mulesoft.org/schema/mule/core http://www.mulesoft.org/schema/mule/core/current/mule.xsd
		http://www.mulesoft.org/schema/mule/munit http://www.mulesoft.org/schema/mule/munit/current/mule-munit.xsd
		http://www.mulesoft.org/schema/mule/munit-tools  http://www.mulesoft.org/schema/mule/munit-tools/current/mule-munit-tools.xsd
http://www.mulesoft.org/schema/mule/ee/core http://www.mulesoft.org/schema/mule/ee/core/current/mule-ee.xsd
http://www.mulesoft.org/schema/mule/os http://www.mulesoft.org/schema/mule/os/current/mule-os.xsd
http://www.mulesoft.org/schema/mule/scripting http://www.mulesoft.org/schema/mule/scripting/current/mule-scripting.xsd">
	<munit:config name="test-suite.xml" />

	<configuration-properties doc:name="Configuration properties"
		doc:id="f7c199f4-ddc0-4d59-af82-053f85a9f368" file="mule.test.properties" />

	<http:request-config name="HTTP_Request_configuration"
		doc:name="HTTP Request configuration" doc:id="ae3920cf-5786-4a9b-b92f-bad390a7abdd"
		basePath="/api">
		<http:request-connection host="${api.domain}"
			port="${http.port}" />
	</http:request-config>
	<munit:test name="test-suitePostEmployeeGetQueue303GetEmployeeByIdTest" description="MUnit Test"
		doc:id="823ccdc7-52f4-456d-ba42-251fd1134e45">
		<munit:enable-flow-sources>
			<munit:enable-flow-source value="api-main" />
			<munit:enable-flow-source value="post:\employees:application\json:api-config" />
			<munit:enable-flow-source value="get:\employees\(id):api-config" />
			<munit:enable-flow-source value="get:\queue\elements\(id):api-config" />
		</munit:enable-flow-sources>
		<munit:execution >
			<ee:transform doc:name="Prepare test data" doc:id="ac60584e-4121-4dd4-af71-810cb538f73b">
				<ee:message>
					<ee:set-payload><![CDATA[%dw 2.0
output application/json
---
{
  "firstName": "Logan",
  "lastName": "McNeil",
  "addressLine": "3939 The Embarcadero",
  "city": "San Francisco",
  "postalCode": "94111",
  "country": "USA",
  "region": "USA-CA",
  "birthDate": "1972-05-25-07:00",
  "phone": "444-8262",
  "email": "kit.wongvite@mulesoft.com",
  "positionTitle": "Chief Human Resources Officer",
  "weeklyHours": 40,
  "basePay": 4000,
  "currency": "USD",
  "localeSidKey": "en_IE_EURO",
  "languageLocaleKey": "en_US",
  "timeZoneSidKey": "America/New_York",
  "emailEncodingKey": "ISO-8859-1"
}]]></ee:set-payload>
				</ee:message>
				<ee:variables>
				</ee:variables>
			</ee:transform>
			<http:request method="POST" doc:name="POST request with test data" doc:id="ae0e2af9-253a-4414-af12-084601c90c6f" config-ref="HTTP_Request_configuration" path="/employees">
			</http:request>
			<ee:transform doc:name="Set Response Message to variable" doc:id="1ffefe41-f66a-4568-b397-81e1873b1978">
				<ee:message>
				</ee:message>
				<ee:variables>
					<ee:set-variable variableName="createEmployeeResponse" ><![CDATA[%dw 2.0
output application/java
---
{
	"payload": payload,
	"statusCode": attributes.statusCode
}]]></ee:set-variable>
				</ee:variables>
			</ee:transform>
			<scripting:execute engine="Groovy" doc:name="Sleep for 30s until the processing is completed" doc:id="6840b57e-2230-4279-bf55-bb89c2e830d7">
				<scripting:code>sleep(30000)</scripting:code>
			</scripting:execute>
			<os:retrieve-all-keys doc:name="Retrieve employee keys" doc:id="aa03cc81-e8b2-412c-b595-2412119f7815" objectStore="Object_store" target="dataKeys" />
			<http:request method="GET" doc:name="Get Queue Request" doc:id="c3ea0792-84d2-4c0b-8b9d-2ec4dcfd93e1" config-ref="HTTP_Request_configuration" path="/queue/elements/{id}">
			<http:uri-params><![CDATA[#[output application/java
---
{
	"id" : vars.dataKeys[0]
}]]]></http:uri-params>
			<http:response-validator>
				<http:success-status-code-validator values="200,303,404" />
			</http:response-validator>
		</http:request>
			<ee:transform doc:name="Queue Response to variable" doc:id="9e229b2f-4743-43ec-b271-b55c9a0e00c2">
			<ee:message>
			</ee:message>
				<ee:variables >
					<ee:set-variable variableName="getQueueResponse" ><![CDATA[%dw 2.0
output application/java
---
{
	"payload": payload,
	"statusCode": attributes.statusCode
}]]></ee:set-variable>
				</ee:variables>
		</ee:transform>
		</munit:execution>
		<munit:validation >
			<munit-tools:assert-that doc:name="Assert that POST status code is 202" doc:id="c4e5276a-ceae-45f7-a6f2-7ee3b4a0f91c" expression="#[vars.createEmployeeResponse.statusCode]" is="#[MunitTools::equalTo(202)]" message="Status code should be 202"/>
			<munit-tools:assert-that doc:name="Assert that GET status code is 200" doc:id="afd819bd-7f9c-495f-a359-2902918eeeb8" expression="#[vars.getQueueResponse.statusCode]" is="#[MunitTools::equalTo(200)]" message="Status code should be 200" />
		</munit:validation>
	</munit:test>
	<munit:test name="test-suiteGetQueue404Test" description="MUnit Test" doc:id="1b97877b-5ac3-42ca-93a1-f9df1e81bba3" >
		<munit:enable-flow-sources >
			<munit:enable-flow-source value="api-main" />
			<munit:enable-flow-source value="get:\queue\elements\(id):api-config" />
		</munit:enable-flow-sources>
		<munit:execution >
			<http:request method="GET" doc:name="Get Queue Request" doc:id="c3206543-cac4-4b63-a9ee-482ded0f25a9" config-ref="HTTP_Request_configuration" path="/queue/elements/elements/{id}">
				<http:uri-params><![CDATA[#[output application/java
---
{
	"id" : uuid()
}]]]></http:uri-params>
				<http:response-validator>
					<http:success-status-code-validator values="200,303,404" />
				</http:response-validator>
			</http:request>
			<ee:transform doc:name="Queue Response" doc:id="917de92b-c587-485d-8b7d-8a988a897dae">
				<ee:message>
					<ee:set-payload ><![CDATA[%dw 2.0
output application/java
---
{
	"payload": payload,
	"statusCode": attributes.statusCode
}]]></ee:set-payload>
				</ee:message>
				<ee:variables>
				</ee:variables>
			</ee:transform>
		</munit:execution>
		<munit:validation >
			<munit-tools:assert-that doc:name="Assert that GET Queue is 404" doc:id="a39796f3-920c-42b7-8008-14fd02f46fdb" expression="#[payload.statusCode]" is="#[MunitTools::equalTo(404)]" message="Status code should be 404" />
		</munit:validation>
	</munit:test>	
</mule>
